have_header: checking for vm_core.h... -------------------- no

"clang -fdeclspec -o conftest -I/Users/sugawararikuto/.rbenv/versions/3.0.0/include/ruby-3.0.0/x86_64-darwin18 -I/Users/sugawararikuto/.rbenv/versions/3.0.0/include/ruby-3.0.0/ruby/backward -I/Users/sugawararikuto/.rbenv/versions/3.0.0/include/ruby-3.0.0 -I. -I/Users/sugawararikuto/.rbenv/sources/3.0.0/ruby-3.0.0 -I/Users/sugawararikuto/.rbenv/versions/3.0.0/include  -D_XOPEN_SOURCE -D_DARWIN_C_SOURCE -D_DARWIN_UNLIMITED_SELECT -D_REENTRANT    -O3 -Wno-error=shorten-64-to-32  -fno-common -pipe conftest.c  -L. -L/Users/sugawararikuto/.rbenv/versions/3.0.0/lib -L. -L/Users/sugawararikuto/.rbenv/versions/3.0.0/lib  -fstack-protector-strong -L/usr/local/lib     -lruby.3.0   "
checked program was:
/* begin */
1: #include "ruby.h"
2: 
3: int main(int argc, char **argv)
4: {
5:   return !!argv[argc];
6: }
/* end */

"clang -E -I/Users/sugawararikuto/.rbenv/versions/3.0.0/include/ruby-3.0.0/x86_64-darwin18 -I/Users/sugawararikuto/.rbenv/versions/3.0.0/include/ruby-3.0.0/ruby/backward -I/Users/sugawararikuto/.rbenv/versions/3.0.0/include/ruby-3.0.0 -I. -I/Users/sugawararikuto/.rbenv/sources/3.0.0/ruby-3.0.0 -I/Users/sugawararikuto/.rbenv/versions/3.0.0/include  -D_XOPEN_SOURCE -D_DARWIN_C_SOURCE -D_DARWIN_UNLIMITED_SELECT -D_REENTRANT    -O3 -Wno-error=shorten-64-to-32  -fno-common -pipe  conftest.c -o conftest.i"
conftest.c:3:10: fatal error: 'vm_core.h' file not found
#include <vm_core.h>
         ^~~~~~~~~~~
1 error generated.
checked program was:
/* begin */
1: #include "ruby.h"
2: 
3: #include <vm_core.h>
/* end */

--------------------

have_header: checking for vm_core.h... -------------------- no

"clang -E -I/Users/sugawararikuto/.rbenv/versions/3.0.0/include/ruby-3.0.0/x86_64-darwin18 -I/Users/sugawararikuto/.rbenv/versions/3.0.0/include/ruby-3.0.0/ruby/backward -I/Users/sugawararikuto/.rbenv/versions/3.0.0/include/ruby-3.0.0 -I. -I/Users/sugawararikuto/.rbenv/versions/3.0.0/include/ruby-3.0.0/ruby-3.0.0-p0  -O3 -Wno-error=shorten-64-to-32  -fno-common -pipe  conftest.c -o conftest.i"
conftest.c:3:10: fatal error: 'vm_core.h' file not found
#include <vm_core.h>
         ^~~~~~~~~~~
1 error generated.
checked program was:
/* begin */
1: #include "ruby.h"
2: 
3: #include <vm_core.h>
/* end */

--------------------

have_header: checking for vm_core.h... -------------------- yes

"clang -E -I/Users/sugawararikuto/.rbenv/versions/3.0.0/include/ruby-3.0.0/x86_64-darwin18 -I/Users/sugawararikuto/.rbenv/versions/3.0.0/include/ruby-3.0.0/ruby/backward -I/Users/sugawararikuto/.rbenv/versions/3.0.0/include/ruby-3.0.0 -I. -I/Users/sugawararikuto/portfolio/GeekMatch/vendor/bundle/ruby/3.0.0/gems/debase-ruby_core_source-0.10.12/lib/debase/ruby_core_source/ruby-3.0.0-p0  -O3 -Wno-error=shorten-64-to-32  -fno-common -pipe  conftest.c -o conftest.i"
checked program was:
/* begin */
1: #include "ruby.h"
2: 
3: #include <vm_core.h>
/* end */

--------------------

have_header: checking for iseq.h... -------------------- yes

"clang -E -I/Users/sugawararikuto/.rbenv/versions/3.0.0/include/ruby-3.0.0/x86_64-darwin18 -I/Users/sugawararikuto/.rbenv/versions/3.0.0/include/ruby-3.0.0/ruby/backward -I/Users/sugawararikuto/.rbenv/versions/3.0.0/include/ruby-3.0.0 -I. -I/Users/sugawararikuto/portfolio/GeekMatch/vendor/bundle/ruby/3.0.0/gems/debase-ruby_core_source-0.10.12/lib/debase/ruby_core_source/ruby-3.0.0-p0  -O3 -Wno-error=shorten-64-to-32  -fno-common -pipe  conftest.c -o conftest.i"
checked program was:
/* begin */
1: #include "ruby.h"
2: 
3: #include <iseq.h>
/* end */

--------------------

have_header: checking for version.h... -------------------- yes

"clang -E -I/Users/sugawararikuto/.rbenv/versions/3.0.0/include/ruby-3.0.0/x86_64-darwin18 -I/Users/sugawararikuto/.rbenv/versions/3.0.0/include/ruby-3.0.0/ruby/backward -I/Users/sugawararikuto/.rbenv/versions/3.0.0/include/ruby-3.0.0 -I. -I/Users/sugawararikuto/portfolio/GeekMatch/vendor/bundle/ruby/3.0.0/gems/debase-ruby_core_source-0.10.12/lib/debase/ruby_core_source/ruby-3.0.0-p0  -O3 -Wno-error=shorten-64-to-32  -fno-common -pipe  conftest.c -o conftest.i"
checked program was:
/* begin */
1: #include "ruby.h"
2: 
3: #include <version.h>
/* end */

--------------------

have_header: checking for vm_core.h... -------------------- yes

"clang -E -I/Users/sugawararikuto/.rbenv/versions/3.0.0/include/ruby-3.0.0/x86_64-darwin18 -I/Users/sugawararikuto/.rbenv/versions/3.0.0/include/ruby-3.0.0/ruby/backward -I/Users/sugawararikuto/.rbenv/versions/3.0.0/include/ruby-3.0.0 -I. -I/Users/sugawararikuto/portfolio/GeekMatch/vendor/bundle/ruby/3.0.0/gems/debase-ruby_core_source-0.10.12/lib/debase/ruby_core_source/ruby-3.0.0-p0  -O3 -Wno-error=shorten-64-to-32  -fno-common -pipe  conftest.c -o conftest.i"
checked program was:
/* begin */
1: #include "ruby.h"
2: 
3: #include <vm_core.h>
/* end */

--------------------

have_header: checking for vm_insnhelper.h... -------------------- yes

"clang -E -I/Users/sugawararikuto/.rbenv/versions/3.0.0/include/ruby-3.0.0/x86_64-darwin18 -I/Users/sugawararikuto/.rbenv/versions/3.0.0/include/ruby-3.0.0/ruby/backward -I/Users/sugawararikuto/.rbenv/versions/3.0.0/include/ruby-3.0.0 -I. -I/Users/sugawararikuto/portfolio/GeekMatch/vendor/bundle/ruby/3.0.0/gems/debase-ruby_core_source-0.10.12/lib/debase/ruby_core_source/ruby-3.0.0-p0  -O3 -Wno-error=shorten-64-to-32  -fno-common -pipe  conftest.c -o conftest.i"
checked program was:
/* begin */
1: #include "ruby.h"
2: 
3: #include <vm_insnhelper.h>
/* end */

--------------------

have_header: checking for vm_core.h... -------------------- yes

"clang -E -I/Users/sugawararikuto/.rbenv/versions/3.0.0/include/ruby-3.0.0/x86_64-darwin18 -I/Users/sugawararikuto/.rbenv/versions/3.0.0/include/ruby-3.0.0/ruby/backward -I/Users/sugawararikuto/.rbenv/versions/3.0.0/include/ruby-3.0.0 -I. -I/Users/sugawararikuto/portfolio/GeekMatch/vendor/bundle/ruby/3.0.0/gems/debase-ruby_core_source-0.10.12/lib/debase/ruby_core_source/ruby-3.0.0-p0  -O3 -Wno-error=shorten-64-to-32  -fno-common -pipe  conftest.c -o conftest.i"
checked program was:
/* begin */
1: #include "ruby.h"
2: 
3: #include <vm_core.h>
/* end */

--------------------

have_header: checking for method.h... -------------------- yes

"clang -E -I/Users/sugawararikuto/.rbenv/versions/3.0.0/include/ruby-3.0.0/x86_64-darwin18 -I/Users/sugawararikuto/.rbenv/versions/3.0.0/include/ruby-3.0.0/ruby/backward -I/Users/sugawararikuto/.rbenv/versions/3.0.0/include/ruby-3.0.0 -I. -I/Users/sugawararikuto/portfolio/GeekMatch/vendor/bundle/ruby/3.0.0/gems/debase-ruby_core_source-0.10.12/lib/debase/ruby_core_source/ruby-3.0.0-p0  -O3 -Wno-error=shorten-64-to-32  -fno-common -pipe  conftest.c -o conftest.i"
checked program was:
/* begin */
1: #include "ruby.h"
2: 
3: #include <method.h>
/* end */

--------------------

